{"C:\\Users\\marti\\repos\\gmat-helper\\server\\src\\app.ts": {"path":"C:\\Users\\marti\\repos\\gmat-helper\\server\\src\\app.ts","statementMap":{"0":{"start":{"line":1,"column":0},"end":{"line":1,"column":30}},"1":{"start":{"line":2,"column":0},"end":{"line":2,"column":24}},"2":{"start":{"line":4,"column":0},"end":{"line":4,"column":47}},"3":{"start":{"line":5,"column":0},"end":{"line":5,"column":44}},"4":{"start":{"line":8,"column":12},"end":{"line":8,"column":21}},"5":{"start":{"line":10,"column":0},"end":{"line":10,"column":24}},"6":{"start":{"line":11,"column":0},"end":{"line":11,"column":16}},"7":{"start":{"line":14,"column":0},"end":{"line":14,"column":37}},"8":{"start":{"line":15,"column":0},"end":{"line":15,"column":31}},"9":{"start":{"line":18,"column":0},"end":{"line":18,"column":19}}},"fnMap":{},"branchMap":{},"s":{"0":1,"1":1,"2":1,"3":1,"4":1,"5":1,"6":1,"7":1,"8":1,"9":1},"f":{},"b":{}}
,"C:\\Users\\marti\\repos\\gmat-helper\\server\\src\\common\\constants.ts": {"path":"C:\\Users\\marti\\repos\\gmat-helper\\server\\src\\common\\constants.ts","statementMap":{"0":{"start":{"line":1,"column":19},"end":{"line":1,"column":55}},"1":{"start":{"line":3,"column":13},"end":{"line":8,"column":null}},"2":{"start":{"line":10,"column":13},"end":{"line":23,"column":74}},"3":{"start":{"line":25,"column":13},"end":{"line":34,"column":null}},"4":{"start":{"line":36,"column":13},"end":{"line":36,"column":71}},"5":{"start":{"line":38,"column":13},"end":{"line":38,"column":68}}},"fnMap":{},"branchMap":{},"s":{"0":4,"1":4,"2":4,"3":4,"4":4,"5":4},"f":{},"b":{}}
,"C:\\Users\\marti\\repos\\gmat-helper\\server\\src\\common\\prisma.ts": {"path":"C:\\Users\\marti\\repos\\gmat-helper\\server\\src\\common\\prisma.ts","statementMap":{"0":{"start":{"line":1,"column":0},"end":{"line":1,"column":46}},"1":{"start":{"line":3,"column":0},"end":{"line":3,"column":34}}},"fnMap":{},"branchMap":{},"s":{"0":1,"1":1},"f":{},"b":{}}
,"C:\\Users\\marti\\repos\\gmat-helper\\server\\src\\common\\utils\\ddbb.ts": {"path":"C:\\Users\\marti\\repos\\gmat-helper\\server\\src\\common\\utils\\ddbb.ts","statementMap":{"0":{"start":{"line":1,"column":0},"end":{"line":1,"column":74}},"1":{"start":{"line":2,"column":0},"end":{"line":2,"column":31}},"2":{"start":{"line":4,"column":0},"end":{"line":4,"column":48}},"3":{"start":{"line":7,"column":31},"end":{"line":24,"column":2}},"4":{"start":{"line":7,"column":105},"end":{"line":24,"column":2}},"5":{"start":{"line":8,"column":25},"end":{"line":8,"column":52}},"6":{"start":{"line":10,"column":4},"end":{"line":23,"column":5}},"7":{"start":{"line":11,"column":29},"end":{"line":14,"column":10}},"8":{"start":{"line":15,"column":8},"end":{"line":15,"column":54}},"9":{"start":{"line":17,"column":29},"end":{"line":21,"column":10}},"10":{"start":{"line":22,"column":8},"end":{"line":22,"column":28}},"11":{"start":{"line":7,"column":13},"end":{"line":7,"column":31}},"12":{"start":{"line":26,"column":28},"end":{"line":38,"column":2}},"13":{"start":{"line":26,"column":39},"end":{"line":38,"column":2}},"14":{"start":{"line":27,"column":22},"end":{"line":31,"column":6}},"15":{"start":{"line":33,"column":29},"end":{"line":35,"column":6}},"16":{"start":{"line":37,"column":4},"end":{"line":37,"column":73}},"17":{"start":{"line":26,"column":13},"end":{"line":26,"column":28}},"18":{"start":{"line":40,"column":30},"end":{"line":64,"column":2}},"19":{"start":{"line":40,"column":70},"end":{"line":64,"column":2}},"20":{"start":{"line":41,"column":4},"end":{"line":63,"column":5}},"21":{"start":{"line":42,"column":28},"end":{"line":54,"column":10}},"22":{"start":{"line":46,"column":57},"end":{"line":50,"column":22}},"23":{"start":{"line":56,"column":8},"end":{"line":56,"column":27}},"24":{"start":{"line":58,"column":28},"end":{"line":60,"column":10}},"25":{"start":{"line":62,"column":8},"end":{"line":62,"column":27}},"26":{"start":{"line":40,"column":13},"end":{"line":40,"column":30}},"27":{"start":{"line":66,"column":35},"end":{"line":87,"column":null}},"28":{"start":{"line":66,"column":78},"end":{"line":87,"column":null}},"29":{"start":{"line":67,"column":25},"end":{"line":67,"column":27}},"30":{"start":{"line":68,"column":27},"end":{"line":68,"column":29}},"31":{"start":{"line":69,"column":4},"end":{"line":81,"column":5}},"32":{"start":{"line":71,"column":8},"end":{"line":80,"column":9}},"33":{"start":{"line":72,"column":32},"end":{"line":72,"column":62}},"34":{"start":{"line":73,"column":12},"end":{"line":73,"column":43}},"35":{"start":{"line":75,"column":15},"end":{"line":80,"column":9}},"36":{"start":{"line":75,"column":63},"end":{"line":75,"column":100}},"37":{"start":{"line":76,"column":32},"end":{"line":76,"column":62}},"38":{"start":{"line":77,"column":12},"end":{"line":77,"column":43}},"39":{"start":{"line":79,"column":12},"end":{"line":79,"column":42}},"40":{"start":{"line":83,"column":4},"end":{"line":86,"column":6}},"41":{"start":{"line":66,"column":13},"end":{"line":66,"column":35}}},"fnMap":{"0":{"name":"(anonymous_8)","decl":{"start":{"line":7,"column":31},"end":{"line":7,"column":38}},"loc":{"start":{"line":7,"column":105},"end":{"line":24,"column":2}}},"1":{"name":"(anonymous_9)","decl":{"start":{"line":7,"column":105},"end":{"line":7,"column":null}},"loc":{"start":{"line":7,"column":105},"end":{"line":24,"column":1}}},"2":{"name":"(anonymous_10)","decl":{"start":{"line":26,"column":28},"end":{"line":26,"column":37}},"loc":{"start":{"line":26,"column":39},"end":{"line":38,"column":2}}},"3":{"name":"(anonymous_11)","decl":{"start":{"line":26,"column":39},"end":{"line":26,"column":null}},"loc":{"start":{"line":26,"column":39},"end":{"line":38,"column":1}}},"4":{"name":"(anonymous_12)","decl":{"start":{"line":40,"column":30},"end":{"line":40,"column":37}},"loc":{"start":{"line":40,"column":70},"end":{"line":64,"column":2}}},"5":{"name":"(anonymous_13)","decl":{"start":{"line":40,"column":70},"end":{"line":40,"column":null}},"loc":{"start":{"line":40,"column":70},"end":{"line":64,"column":1}}},"6":{"name":"(anonymous_14)","decl":{"start":{"line":46,"column":51},"end":{"line":46,"column":52}},"loc":{"start":{"line":46,"column":57},"end":{"line":50,"column":22}}},"7":{"name":"(anonymous_15)","decl":{"start":{"line":66,"column":35},"end":{"line":66,"column":42}},"loc":{"start":{"line":66,"column":78},"end":{"line":87,"column":null}}},"8":{"name":"(anonymous_16)","decl":{"start":{"line":66,"column":78},"end":{"line":66,"column":null}},"loc":{"start":{"line":66,"column":78},"end":{"line":87,"column":1}}},"9":{"name":"(anonymous_17)","decl":{"start":{"line":75,"column":54},"end":{"line":75,"column":59}},"loc":{"start":{"line":75,"column":63},"end":{"line":75,"column":100}}}},"branchMap":{"0":{"loc":{"start":{"line":10,"column":4},"end":{"line":23,"column":5}},"type":"if","locations":[{"start":{"line":10,"column":4},"end":{"line":23,"column":5}},{"start":{"line":16,"column":11},"end":{"line":23,"column":5}}]},"1":{"loc":{"start":{"line":41,"column":4},"end":{"line":63,"column":5}},"type":"if","locations":[{"start":{"line":41,"column":4},"end":{"line":63,"column":5}},{"start":{"line":57,"column":11},"end":{"line":63,"column":5}}]},"2":{"loc":{"start":{"line":71,"column":8},"end":{"line":80,"column":9}},"type":"if","locations":[{"start":{"line":71,"column":8},"end":{"line":80,"column":9}},{"start":{"line":75,"column":15},"end":{"line":80,"column":9}}]},"3":{"loc":{"start":{"line":75,"column":15},"end":{"line":80,"column":9}},"type":"if","locations":[{"start":{"line":75,"column":15},"end":{"line":80,"column":9}},{"start":{"line":78,"column":15},"end":{"line":80,"column":9}}]}},"s":{"0":4,"1":4,"2":4,"3":4,"4":3,"5":3,"6":3,"7":1,"8":1,"9":2,"10":2,"11":4,"12":4,"13":6,"14":6,"15":5,"16":5,"17":4,"18":4,"19":2,"20":2,"21":1,"22":1,"23":1,"24":1,"25":1,"26":4,"27":4,"28":0,"29":0,"30":0,"31":0,"32":0,"33":0,"34":0,"35":0,"36":0,"37":0,"38":0,"39":0,"40":0,"41":4},"f":{"0":3,"1":3,"2":6,"3":6,"4":2,"5":2,"6":1,"7":0,"8":0,"9":0},"b":{"0":[1,2],"1":[1,1],"2":[0,0],"3":[0,0]}}
,"C:\\Users\\marti\\repos\\gmat-helper\\server\\src\\common\\utils\\groq.ts": {"path":"C:\\Users\\marti\\repos\\gmat-helper\\server\\src\\common\\utils\\groq.ts","statementMap":{"0":{"start":{"line":1,"column":0},"end":{"line":1,"column":30}},"1":{"start":{"line":5,"column":26},"end":{"line":27,"column":2}},"2":{"start":{"line":5,"column":92},"end":{"line":27,"column":2}},"3":{"start":{"line":6,"column":27},"end":{"line":19,"column":6}},"4":{"start":{"line":21,"column":17},"end":{"line":21,"column":19}},"5":{"start":{"line":22,"column":4},"end":{"line":24,"column":5}},"6":{"start":{"line":22,"column":30},"end":{"line":22,"column":44}},"7":{"start":{"line":22,"column":30},"end":{"line":22,"column":46}},"8":{"start":{"line":22,"column":26},"end":{"line":22,"column":30}},"9":{"start":{"line":23,"column":8},"end":{"line":23,"column":57}},"10":{"start":{"line":26,"column":4},"end":{"line":26,"column":18}},"11":{"start":{"line":5,"column":13},"end":{"line":5,"column":26}},"12":{"start":{"line":29,"column":26},"end":{"line":31,"column":1}},"13":{"start":{"line":30,"column":2},"end":{"line":30,"column":59}},"14":{"start":{"line":33,"column":27},"end":{"line":58,"column":1}},"15":{"start":{"line":34,"column":23},"end":{"line":34,"column":25}},"16":{"start":{"line":35,"column":2},"end":{"line":50,"column":3}},"17":{"start":{"line":36,"column":4},"end":{"line":36,"column":57}},"18":{"start":{"line":37,"column":4},"end":{"line":42,"column":52}},"19":{"start":{"line":38,"column":6},"end":{"line":42,"column":37}},"20":{"start":{"line":44,"column":4},"end":{"line":49,"column":52}},"21":{"start":{"line":45,"column":6},"end":{"line":49,"column":37}},"22":{"start":{"line":51,"column":2},"end":{"line":54,"column":3}},"23":{"start":{"line":52,"column":4},"end":{"line":53,"column":42}},"24":{"start":{"line":56,"column":2},"end":{"line":57,"column":21}},"25":{"start":{"line":33,"column":13},"end":{"line":33,"column":27}}},"fnMap":{"0":{"name":"(anonymous_15)","decl":{"start":{"line":5,"column":26},"end":{"line":5,"column":33}},"loc":{"start":{"line":5,"column":92},"end":{"line":27,"column":2}}},"1":{"name":"(anonymous_16)","decl":{"start":{"line":5,"column":92},"end":{"line":5,"column":null}},"loc":{"start":{"line":5,"column":71},"end":{"line":27,"column":1}}},"2":{"name":"(anonymous_17)","decl":{"start":{"line":29,"column":26},"end":{"line":29,"column":27}},"loc":{"start":{"line":29,"column":103},"end":{"line":31,"column":1}}},"3":{"name":"(anonymous_18)","decl":{"start":{"line":33,"column":27},"end":{"line":33,"column":28}},"loc":{"start":{"line":33,"column":151},"end":{"line":58,"column":1}}},"4":{"name":"(anonymous_19)","decl":{"start":{"line":37,"column":74},"end":{"line":37,"column":75}},"loc":{"start":{"line":38,"column":6},"end":{"line":42,"column":37}}},"5":{"name":"(anonymous_20)","decl":{"start":{"line":44,"column":56},"end":{"line":44,"column":63}},"loc":{"start":{"line":45,"column":6},"end":{"line":49,"column":37}}}},"branchMap":{"0":{"loc":{"start":{"line":5,"column":49},"end":{"line":5,"column":71}},"type":"default-arg","locations":[{"start":{"line":5,"column":68},"end":{"line":5,"column":71}}]},"1":{"loc":{"start":{"line":23,"column":18},"end":{"line":23,"column":56}},"type":"binary-expr","locations":[{"start":{"line":23,"column":18},"end":{"line":23,"column":50}},{"start":{"line":23,"column":54},"end":{"line":23,"column":56}}]},"2":{"loc":{"start":{"line":23,"column":18},"end":{"line":23,"column":50}},"type":"cond-expr","locations":[{"start":{"line":23,"column":41},"end":{"line":23,"column":43}},{"start":{"line":23,"column":41},"end":{"line":23,"column":50}}]},"3":{"loc":{"start":{"line":23,"column":18},"end":{"line":23,"column":43}},"type":"binary-expr","locations":[{"start":{"line":23,"column":18},"end":{"line":23,"column":43}},{"start":{"line":23,"column":41},"end":{"line":23,"column":43}}]},"4":{"loc":{"start":{"line":23,"column":18},"end":{"line":23,"column":41}},"type":"cond-expr","locations":[{"start":{"line":23,"column":34},"end":{"line":23,"column":36}},{"start":{"line":23,"column":34},"end":{"line":23,"column":41}}]},"5":{"loc":{"start":{"line":23,"column":18},"end":{"line":23,"column":36}},"type":"binary-expr","locations":[{"start":{"line":23,"column":18},"end":{"line":23,"column":36}},{"start":{"line":23,"column":34},"end":{"line":23,"column":36}}]},"6":{"loc":{"start":{"line":33,"column":112},"end":{"line":33,"column":139}},"type":"default-arg","locations":[{"start":{"line":33,"column":132},"end":{"line":33,"column":139}}]},"7":{"loc":{"start":{"line":35,"column":2},"end":{"line":50,"column":3}},"type":"if","locations":[{"start":{"line":35,"column":2},"end":{"line":50,"column":3}},{"start":{"line":43,"column":9},"end":{"line":50,"column":3}}]},"8":{"loc":{"start":{"line":51,"column":2},"end":{"line":54,"column":3}},"type":"if","locations":[{"start":{"line":51,"column":2},"end":{"line":54,"column":3}}]}},"s":{"0":4,"1":4,"2":0,"3":0,"4":0,"5":0,"6":0,"7":0,"8":0,"9":0,"10":0,"11":4,"12":4,"13":0,"14":4,"15":0,"16":0,"17":0,"18":0,"19":0,"20":0,"21":0,"22":0,"23":0,"24":0,"25":4},"f":{"0":0,"1":0,"2":0,"3":0,"4":0,"5":0},"b":{"0":[0],"1":[0,0],"2":[0,0],"3":[0,0],"4":[0,0],"5":[0,0],"6":[0],"7":[0,0],"8":[0]}}
,"C:\\Users\\marti\\repos\\gmat-helper\\server\\src\\common\\utils\\index.ts": {"path":"C:\\Users\\marti\\repos\\gmat-helper\\server\\src\\common\\utils\\index.ts","statementMap":{"0":{"start":{"line":1,"column":0},"end":{"line":1,"column":null}},"1":{"start":{"line":2,"column":4},"end":{"line":2,"column":null}},"2":{"start":{"line":3,"column":4},"end":{"line":3,"column":null}},"3":{"start":{"line":4,"column":4},"end":{"line":4,"column":null}},"4":{"start":{"line":5,"column":4},"end":{"line":5,"column":40}},"5":{"start":{"line":7,"column":0},"end":{"line":7,"column":null}},"6":{"start":{"line":8,"column":4},"end":{"line":8,"column":null}},"7":{"start":{"line":9,"column":4},"end":{"line":9,"column":30}},"8":{"start":{"line":12,"column":0},"end":{"line":12,"column":null}},"9":{"start":{"line":13,"column":4},"end":{"line":13,"column":null}},"10":{"start":{"line":14,"column":4},"end":{"line":14,"column":43}}},"fnMap":{"0":{"name":"(anonymous_0)","decl":{"start":{"line":2,"column":4},"end":{"line":2,"column":19}},"loc":{"start":{"line":2,"column":4},"end":{"line":2,"column":null}}},"1":{"name":"(anonymous_1)","decl":{"start":{"line":3,"column":4},"end":{"line":3,"column":16}},"loc":{"start":{"line":3,"column":4},"end":{"line":3,"column":null}}},"2":{"name":"(anonymous_2)","decl":{"start":{"line":4,"column":4},"end":{"line":4,"column":18}},"loc":{"start":{"line":4,"column":4},"end":{"line":4,"column":null}}},"3":{"name":"(anonymous_3)","decl":{"start":{"line":5,"column":4},"end":{"line":5,"column":23}},"loc":{"start":{"line":5,"column":4},"end":{"line":5,"column":40}}},"4":{"name":"(anonymous_4)","decl":{"start":{"line":8,"column":4},"end":{"line":8,"column":15}},"loc":{"start":{"line":8,"column":4},"end":{"line":8,"column":null}}},"5":{"name":"(anonymous_5)","decl":{"start":{"line":9,"column":4},"end":{"line":9,"column":14}},"loc":{"start":{"line":9,"column":4},"end":{"line":9,"column":30}}},"6":{"name":"(anonymous_6)","decl":{"start":{"line":13,"column":4},"end":{"line":13,"column":20}},"loc":{"start":{"line":13,"column":4},"end":{"line":13,"column":null}}},"7":{"name":"(anonymous_7)","decl":{"start":{"line":14,"column":4},"end":{"line":14,"column":25}},"loc":{"start":{"line":14,"column":4},"end":{"line":14,"column":43}}}},"branchMap":{},"s":{"0":4,"1":7,"2":10,"3":6,"4":4,"5":4,"6":4,"7":4,"8":4,"9":7,"10":6},"f":{"0":3,"1":6,"2":2,"3":0,"4":0,"5":0,"6":3,"7":2},"b":{}}
,"C:\\Users\\marti\\repos\\gmat-helper\\server\\src\\common\\utils\\utils.ts": {"path":"C:\\Users\\marti\\repos\\gmat-helper\\server\\src\\common\\utils\\utils.ts","statementMap":{"0":{"start":{"line":1,"column":32},"end":{"line":28,"column":1}},"1":{"start":{"line":2,"column":2},"end":{"line":27,"column":3}},"2":{"start":{"line":3,"column":17},"end":{"line":3,"column":33}},"3":{"start":{"line":4,"column":4},"end":{"line":4,"column":16}},"4":{"start":{"line":6,"column":4},"end":{"line":26,"column":5}},"5":{"start":{"line":7,"column":29},"end":{"line":7,"column":53}},"6":{"start":{"line":8,"column":31},"end":{"line":8,"column":69}},"7":{"start":{"line":10,"column":30},"end":{"line":10,"column":56}},"8":{"start":{"line":11,"column":30},"end":{"line":11,"column":58}},"9":{"start":{"line":13,"column":6},"end":{"line":22,"column":7}},"10":{"start":{"line":14,"column":26},"end":{"line":14,"column":57}},"11":{"start":{"line":15,"column":28},"end":{"line":15,"column":46}},"12":{"start":{"line":17,"column":21},"end":{"line":17,"column":47}},"13":{"start":{"line":18,"column":8},"end":{"line":18,"column":20}},"14":{"start":{"line":20,"column":8},"end":{"line":20,"column":42}},"15":{"start":{"line":21,"column":8},"end":{"line":21,"column":20}},"16":{"start":{"line":24,"column":6},"end":{"line":24,"column":30}},"17":{"start":{"line":25,"column":6},"end":{"line":25,"column":null}},"18":{"start":{"line":1,"column":13},"end":{"line":1,"column":32}},"19":{"start":{"line":30,"column":37},"end":{"line":34,"column":1}},"20":{"start":{"line":31,"column":16},"end":{"line":31,"column":232}},"21":{"start":{"line":33,"column":2},"end":{"line":33,"column":71}},"22":{"start":{"line":33,"column":25},"end":{"line":33,"column":69}},"23":{"start":{"line":30,"column":13},"end":{"line":30,"column":37}}},"fnMap":{"0":{"name":"(anonymous_0)","decl":{"start":{"line":1,"column":32},"end":{"line":1,"column":33}},"loc":{"start":{"line":1,"column":49},"end":{"line":28,"column":1}}},"1":{"name":"(anonymous_1)","decl":{"start":{"line":30,"column":37},"end":{"line":30,"column":38}},"loc":{"start":{"line":30,"column":54},"end":{"line":34,"column":1}}},"2":{"name":"(anonymous_2)","decl":{"start":{"line":33,"column":20},"end":{"line":33,"column":21}},"loc":{"start":{"line":33,"column":25},"end":{"line":33,"column":69}}}},"branchMap":{"0":{"loc":{"start":{"line":13,"column":6},"end":{"line":22,"column":7}},"type":"if","locations":[{"start":{"line":13,"column":6},"end":{"line":22,"column":7}},{"start":{"line":19,"column":13},"end":{"line":22,"column":7}}]},"1":{"loc":{"start":{"line":13,"column":10},"end":{"line":13,"column":43}},"type":"binary-expr","locations":[{"start":{"line":13,"column":10},"end":{"line":13,"column":24}},{"start":{"line":13,"column":28},"end":{"line":13,"column":43}}]}},"s":{"0":4,"1":3,"2":3,"3":1,"4":2,"5":2,"6":2,"7":2,"8":2,"9":2,"10":1,"11":1,"12":1,"13":1,"14":1,"15":1,"16":0,"17":0,"18":4,"19":4,"20":5,"21":5,"22":17,"23":4},"f":{"0":3,"1":5,"2":17},"b":{"0":[1,1],"1":[2,2]}}
,"C:\\Users\\marti\\repos\\gmat-helper\\server\\src\\config\\index.ts": {"path":"C:\\Users\\marti\\repos\\gmat-helper\\server\\src\\config\\index.ts","statementMap":{"0":{"start":{"line":1,"column":0},"end":{"line":1,"column":27}},"1":{"start":{"line":4,"column":31},"end":{"line":4,"column":42}},"2":{"start":{"line":7,"column":9},"end":{"line":7,"column":13}},"3":{"start":{"line":7,"column":15},"end":{"line":7,"column":27}}},"fnMap":{},"branchMap":{},"s":{"0":4,"1":4,"2":4,"3":4},"f":{},"b":{}}
,"C:\\Users\\marti\\repos\\gmat-helper\\server\\src\\controllers\\question.ts": {"path":"C:\\Users\\marti\\repos\\gmat-helper\\server\\src\\controllers\\question.ts","statementMap":{"0":{"start":{"line":1,"column":0},"end":{"line":1,"column":106}},"1":{"start":{"line":3,"column":0},"end":{"line":3,"column":75}},"2":{"start":{"line":4,"column":0},"end":{"line":4,"column":47}},"3":{"start":{"line":8,"column":24},"end":{"line":12,"column":2}},"4":{"start":{"line":8,"column":68},"end":{"line":12,"column":2}},"5":{"start":{"line":9,"column":19},"end":{"line":10,"column":37}},"6":{"start":{"line":11,"column":4},"end":{"line":11,"column":39}},"7":{"start":{"line":14,"column":22},"end":{"line":20,"column":2}},"8":{"start":{"line":14,"column":66},"end":{"line":20,"column":2}},"9":{"start":{"line":15,"column":25},"end":{"line":15,"column":56}},"10":{"start":{"line":16,"column":25},"end":{"line":16,"column":60}},"11":{"start":{"line":17,"column":19},"end":{"line":17,"column":75}},"12":{"start":{"line":19,"column":4},"end":{"line":19,"column":36}},"13":{"start":{"line":39,"column":4},"end":{"line":39,"column":17}},"14":{"start":{"line":22,"column":36},"end":{"line":27,"column":2}},"15":{"start":{"line":22,"column":104},"end":{"line":27,"column":2}},"16":{"start":{"line":23,"column":25},"end":{"line":23,"column":56}},"17":{"start":{"line":24,"column":25},"end":{"line":24,"column":60}},"18":{"start":{"line":25,"column":19},"end":{"line":25,"column":95}},"19":{"start":{"line":26,"column":4},"end":{"line":26,"column":36}},"20":{"start":{"line":40,"column":4},"end":{"line":40,"column":31}},"21":{"start":{"line":33,"column":24},"end":{"line":36,"column":2}},"22":{"start":{"line":33,"column":68},"end":{"line":36,"column":2}},"23":{"start":{"line":34,"column":22},"end":{"line":34,"column":42}},"24":{"start":{"line":35,"column":4},"end":{"line":35,"column":21}},"25":{"start":{"line":41,"column":4},"end":{"line":41,"column":19}}},"fnMap":{"0":{"name":"(anonymous_7)","decl":{"start":{"line":8,"column":24},"end":{"line":8,"column":31}},"loc":{"start":{"line":8,"column":68},"end":{"line":12,"column":2}}},"1":{"name":"(anonymous_8)","decl":{"start":{"line":8,"column":68},"end":{"line":8,"column":null}},"loc":{"start":{"line":8,"column":68},"end":{"line":12,"column":1}}},"2":{"name":"(anonymous_9)","decl":{"start":{"line":14,"column":22},"end":{"line":14,"column":29}},"loc":{"start":{"line":14,"column":66},"end":{"line":20,"column":2}}},"3":{"name":"(anonymous_10)","decl":{"start":{"line":14,"column":66},"end":{"line":14,"column":null}},"loc":{"start":{"line":14,"column":66},"end":{"line":20,"column":1}}},"4":{"name":"(anonymous_11)","decl":{"start":{"line":22,"column":36},"end":{"line":22,"column":43}},"loc":{"start":{"line":22,"column":104},"end":{"line":27,"column":2}}},"5":{"name":"(anonymous_12)","decl":{"start":{"line":22,"column":104},"end":{"line":22,"column":null}},"loc":{"start":{"line":22,"column":104},"end":{"line":27,"column":1}}},"6":{"name":"(anonymous_13)","decl":{"start":{"line":33,"column":24},"end":{"line":33,"column":66}},"loc":{"start":{"line":33,"column":68},"end":{"line":36,"column":2}}},"7":{"name":"(anonymous_14)","decl":{"start":{"line":33,"column":68},"end":{"line":33,"column":null}},"loc":{"start":{"line":33,"column":68},"end":{"line":36,"column":1}}}},"branchMap":{},"s":{"0":2,"1":2,"2":2,"3":2,"4":0,"5":0,"6":0,"7":2,"8":0,"9":0,"10":0,"11":0,"12":0,"13":2,"14":2,"15":0,"16":0,"17":0,"18":0,"19":0,"20":2,"21":2,"22":4,"23":4,"24":3,"25":2},"f":{"0":0,"1":0,"2":0,"3":0,"4":0,"5":0,"6":4,"7":4},"b":{}}
,"C:\\Users\\marti\\repos\\gmat-helper\\server\\src\\controllers\\training.ts": {"path":"C:\\Users\\marti\\repos\\gmat-helper\\server\\src\\controllers\\training.ts","statementMap":{"0":{"start":{"line":1,"column":0},"end":{"line":1,"column":38}},"1":{"start":{"line":5,"column":35},"end":{"line":11,"column":null}},"2":{"start":{"line":5,"column":100},"end":{"line":11,"column":null}},"3":{"start":{"line":6,"column":24},"end":{"line":8,"column":6}},"4":{"start":{"line":10,"column":4},"end":{"line":10,"column":23}},"5":{"start":{"line":5,"column":13},"end":{"line":5,"column":35}},"6":{"start":{"line":13,"column":36},"end":{"line":40,"column":null}},"7":{"start":{"line":13,"column":122},"end":{"line":40,"column":null}},"8":{"start":{"line":14,"column":25},"end":{"line":14,"column":27}},"9":{"start":{"line":16,"column":4},"end":{"line":37,"column":5}},"10":{"start":{"line":17,"column":8},"end":{"line":36,"column":9}},"11":{"start":{"line":18,"column":39},"end":{"line":29,"column":14}},"12":{"start":{"line":30,"column":12},"end":{"line":30,"column":50}},"13":{"start":{"line":32,"column":32},"end":{"line":34,"column":14}},"14":{"start":{"line":35,"column":12},"end":{"line":35,"column":43}},"15":{"start":{"line":39,"column":4},"end":{"line":39,"column":24}},"16":{"start":{"line":13,"column":13},"end":{"line":13,"column":36}}},"fnMap":{"0":{"name":"(anonymous_8)","decl":{"start":{"line":5,"column":35},"end":{"line":5,"column":42}},"loc":{"start":{"line":5,"column":100},"end":{"line":11,"column":null}}},"1":{"name":"(anonymous_9)","decl":{"start":{"line":5,"column":100},"end":{"line":5,"column":null}},"loc":{"start":{"line":5,"column":100},"end":{"line":11,"column":1}}},"2":{"name":"(anonymous_10)","decl":{"start":{"line":13,"column":36},"end":{"line":13,"column":43}},"loc":{"start":{"line":13,"column":122},"end":{"line":40,"column":null}}},"3":{"name":"(anonymous_11)","decl":{"start":{"line":13,"column":122},"end":{"line":13,"column":null}},"loc":{"start":{"line":13,"column":122},"end":{"line":40,"column":1}}}},"branchMap":{"0":{"loc":{"start":{"line":17,"column":8},"end":{"line":36,"column":9}},"type":"if","locations":[{"start":{"line":17,"column":8},"end":{"line":36,"column":9}},{"start":{"line":31,"column":15},"end":{"line":36,"column":9}}]}},"s":{"0":1,"1":1,"2":0,"3":0,"4":0,"5":1,"6":1,"7":0,"8":0,"9":0,"10":0,"11":0,"12":0,"13":0,"14":0,"15":0,"16":1},"f":{"0":0,"1":0,"2":0,"3":0},"b":{"0":[0,0]}}
,"C:\\Users\\marti\\repos\\gmat-helper\\server\\src\\groq\\index.ts": {"path":"C:\\Users\\marti\\repos\\gmat-helper\\server\\src\\groq\\index.ts","statementMap":{"0":{"start":{"line":1,"column":0},"end":{"line":1,"column":41}},"1":{"start":{"line":3,"column":13},"end":{"line":3,"column":32}},"2":{"start":{"line":5,"column":13},"end":{"line":7,"column":2}},"3":{"start":{"line":10,"column":0},"end":{"line":10,"column":20}}},"fnMap":{},"branchMap":{},"s":{"0":4,"1":4,"2":4,"3":4},"f":{},"b":{}}
,"C:\\Users\\marti\\repos\\gmat-helper\\server\\src\\routes\\question.ts": {"path":"C:\\Users\\marti\\repos\\gmat-helper\\server\\src\\routes\\question.ts","statementMap":{"0":{"start":{"line":1,"column":0},"end":{"line":1,"column":30}},"1":{"start":{"line":3,"column":0},"end":{"line":3,"column":102}},"2":{"start":{"line":4,"column":0},"end":{"line":4,"column":88}},"3":{"start":{"line":5,"column":0},"end":{"line":5,"column":67}},"4":{"start":{"line":8,"column":15},"end":{"line":8,"column":31}},"5":{"start":{"line":11,"column":0},"end":{"line":27,"column":3}},"6":{"start":{"line":11,"column":50},"end":{"line":27,"column":2}},"7":{"start":{"line":12,"column":25},"end":{"line":12,"column":37}},"8":{"start":{"line":14,"column":4},"end":{"line":16,"column":5}},"9":{"start":{"line":15,"column":8},"end":{"line":15,"column":82}},"10":{"start":{"line":18,"column":4},"end":{"line":26,"column":5}},"11":{"start":{"line":19,"column":23},"end":{"line":19,"column":52}},"12":{"start":{"line":20,"column":29},"end":{"line":20,"column":53}},"13":{"start":{"line":22,"column":8},"end":{"line":22,"column":42}},"14":{"start":{"line":24,"column":8},"end":{"line":24,"column":27}},"15":{"start":{"line":25,"column":8},"end":{"line":25,"column":79}},"16":{"start":{"line":29,"column":0},"end":{"line":43,"column":3}},"17":{"start":{"line":29,"column":54},"end":{"line":43,"column":2}},"18":{"start":{"line":30,"column":41},"end":{"line":30,"column":53}},"19":{"start":{"line":32,"column":4},"end":{"line":34,"column":5}},"20":{"start":{"line":33,"column":8},"end":{"line":33,"column":103}},"21":{"start":{"line":36,"column":4},"end":{"line":42,"column":5}},"22":{"start":{"line":37,"column":23},"end":{"line":37,"column":82}},"23":{"start":{"line":38,"column":8},"end":{"line":38,"column":40}},"24":{"start":{"line":40,"column":8},"end":{"line":41,"column":79}},"25":{"start":{"line":46,"column":0},"end":{"line":60,"column":3}},"26":{"start":{"line":46,"column":53},"end":{"line":60,"column":2}},"27":{"start":{"line":47,"column":21},"end":{"line":47,"column":33}},"28":{"start":{"line":50,"column":4},"end":{"line":59,"column":5}},"29":{"start":{"line":51,"column":28},"end":{"line":51,"column":58}},"30":{"start":{"line":52,"column":8},"end":{"line":52,"column":48}},"31":{"start":{"line":54,"column":11},"end":{"line":59,"column":5}},"32":{"start":{"line":54,"column":59},"end":{"line":54,"column":96}},"33":{"start":{"line":55,"column":28},"end":{"line":55,"column":58}},"34":{"start":{"line":56,"column":8},"end":{"line":56,"column":48}},"35":{"start":{"line":58,"column":8},"end":{"line":58,"column":106}},"36":{"start":{"line":62,"column":0},"end":{"line":71,"column":3}},"37":{"start":{"line":62,"column":54},"end":{"line":71,"column":2}},"38":{"start":{"line":63,"column":22},"end":{"line":63,"column":34}},"39":{"start":{"line":65,"column":4},"end":{"line":67,"column":5}},"40":{"start":{"line":66,"column":8},"end":{"line":66,"column":92}},"41":{"start":{"line":69,"column":25},"end":{"line":69,"column":61}},"42":{"start":{"line":70,"column":4},"end":{"line":70,"column":45}},"43":{"start":{"line":74,"column":0},"end":{"line":82,"column":3}},"44":{"start":{"line":74,"column":48},"end":{"line":82,"column":2}},"45":{"start":{"line":75,"column":4},"end":{"line":81,"column":5}},"46":{"start":{"line":76,"column":26},"end":{"line":76,"column":49}},"47":{"start":{"line":77,"column":8},"end":{"line":77,"column":46}},"48":{"start":{"line":79,"column":8},"end":{"line":79,"column":27}},"49":{"start":{"line":80,"column":8},"end":{"line":80,"column":77}},"50":{"start":{"line":85,"column":0},"end":{"line":85,"column":22}}},"fnMap":{"0":{"name":"(anonymous_8)","decl":{"start":{"line":11,"column":22},"end":{"line":11,"column":29}},"loc":{"start":{"line":11,"column":50},"end":{"line":27,"column":2}}},"1":{"name":"(anonymous_9)","decl":{"start":{"line":11,"column":50},"end":{"line":11,"column":null}},"loc":{"start":{"line":11,"column":50},"end":{"line":27,"column":1}}},"2":{"name":"(anonymous_10)","decl":{"start":{"line":29,"column":26},"end":{"line":29,"column":33}},"loc":{"start":{"line":29,"column":54},"end":{"line":43,"column":2}}},"3":{"name":"(anonymous_11)","decl":{"start":{"line":29,"column":54},"end":{"line":29,"column":null}},"loc":{"start":{"line":29,"column":54},"end":{"line":43,"column":1}}},"4":{"name":"(anonymous_12)","decl":{"start":{"line":46,"column":25},"end":{"line":46,"column":32}},"loc":{"start":{"line":46,"column":53},"end":{"line":60,"column":2}}},"5":{"name":"(anonymous_13)","decl":{"start":{"line":46,"column":53},"end":{"line":46,"column":null}},"loc":{"start":{"line":46,"column":53},"end":{"line":60,"column":1}}},"6":{"name":"(anonymous_14)","decl":{"start":{"line":54,"column":50},"end":{"line":54,"column":55}},"loc":{"start":{"line":54,"column":59},"end":{"line":54,"column":96}}},"7":{"name":"(anonymous_15)","decl":{"start":{"line":62,"column":26},"end":{"line":62,"column":33}},"loc":{"start":{"line":62,"column":54},"end":{"line":71,"column":2}}},"8":{"name":"(anonymous_16)","decl":{"start":{"line":62,"column":54},"end":{"line":62,"column":null}},"loc":{"start":{"line":62,"column":54},"end":{"line":71,"column":1}}},"9":{"name":"(anonymous_17)","decl":{"start":{"line":74,"column":19},"end":{"line":74,"column":26}},"loc":{"start":{"line":74,"column":48},"end":{"line":82,"column":2}}},"10":{"name":"(anonymous_18)","decl":{"start":{"line":74,"column":48},"end":{"line":74,"column":null}},"loc":{"start":{"line":74,"column":48},"end":{"line":82,"column":1}}}},"branchMap":{"0":{"loc":{"start":{"line":14,"column":4},"end":{"line":16,"column":5}},"type":"if","locations":[{"start":{"line":14,"column":4},"end":{"line":16,"column":5}}]},"1":{"loc":{"start":{"line":32,"column":4},"end":{"line":34,"column":5}},"type":"if","locations":[{"start":{"line":32,"column":4},"end":{"line":34,"column":5}}]},"2":{"loc":{"start":{"line":32,"column":8},"end":{"line":32,"column":36}},"type":"binary-expr","locations":[{"start":{"line":32,"column":8},"end":{"line":32,"column":17}},{"start":{"line":32,"column":21},"end":{"line":32,"column":36}}]},"3":{"loc":{"start":{"line":50,"column":4},"end":{"line":59,"column":5}},"type":"if","locations":[{"start":{"line":50,"column":4},"end":{"line":59,"column":5}},{"start":{"line":54,"column":11},"end":{"line":59,"column":5}}]},"4":{"loc":{"start":{"line":54,"column":11},"end":{"line":59,"column":5}},"type":"if","locations":[{"start":{"line":54,"column":11},"end":{"line":59,"column":5}},{"start":{"line":57,"column":11},"end":{"line":59,"column":5}}]},"5":{"loc":{"start":{"line":65,"column":4},"end":{"line":67,"column":5}},"type":"if","locations":[{"start":{"line":65,"column":4},"end":{"line":67,"column":5}}]}},"s":{"0":1,"1":1,"2":1,"3":1,"4":1,"5":1,"6":0,"7":0,"8":0,"9":0,"10":0,"11":0,"12":0,"13":0,"14":0,"15":0,"16":1,"17":0,"18":0,"19":0,"20":0,"21":0,"22":0,"23":0,"24":0,"25":1,"26":0,"27":0,"28":0,"29":0,"30":0,"31":0,"32":0,"33":0,"34":0,"35":0,"36":1,"37":0,"38":0,"39":0,"40":0,"41":0,"42":0,"43":1,"44":2,"45":2,"46":2,"47":1,"48":1,"49":1,"50":1},"f":{"0":0,"1":0,"2":0,"3":0,"4":0,"5":0,"6":0,"7":0,"8":0,"9":2,"10":2},"b":{"0":[0],"1":[0],"2":[0,0],"3":[0,0],"4":[0,0],"5":[0]}}
,"C:\\Users\\marti\\repos\\gmat-helper\\server\\src\\routes\\training.ts": {"path":"C:\\Users\\marti\\repos\\gmat-helper\\server\\src\\routes\\training.ts","statementMap":{"0":{"start":{"line":1,"column":0},"end":{"line":1,"column":30}},"1":{"start":{"line":3,"column":0},"end":{"line":3,"column":63}},"2":{"start":{"line":6,"column":15},"end":{"line":6,"column":31}},"3":{"start":{"line":8,"column":0},"end":{"line":21,"column":3}},"4":{"start":{"line":8,"column":48},"end":{"line":21,"column":2}},"5":{"start":{"line":9,"column":22},"end":{"line":9,"column":34}},"6":{"start":{"line":10,"column":4},"end":{"line":12,"column":5}},"7":{"start":{"line":11,"column":8},"end":{"line":11,"column":96}},"8":{"start":{"line":14,"column":4},"end":{"line":20,"column":5}},"9":{"start":{"line":15,"column":28},"end":{"line":15,"column":65}},"10":{"start":{"line":16,"column":8},"end":{"line":16,"column":null}},"11":{"start":{"line":18,"column":8},"end":{"line":18,"column":29}},"12":{"start":{"line":19,"column":8},"end":{"line":19,"column":76}},"13":{"start":{"line":24,"column":0},"end":{"line":24,"column":22}}},"fnMap":{"0":{"name":"(anonymous_8)","decl":{"start":{"line":8,"column":20},"end":{"line":8,"column":27}},"loc":{"start":{"line":8,"column":48},"end":{"line":21,"column":2}}},"1":{"name":"(anonymous_9)","decl":{"start":{"line":8,"column":48},"end":{"line":8,"column":null}},"loc":{"start":{"line":8,"column":48},"end":{"line":21,"column":1}}}},"branchMap":{"0":{"loc":{"start":{"line":10,"column":4},"end":{"line":12,"column":5}},"type":"if","locations":[{"start":{"line":10,"column":4},"end":{"line":12,"column":5}}]}},"s":{"0":1,"1":1,"2":1,"3":1,"4":0,"5":0,"6":0,"7":0,"8":0,"9":0,"10":0,"11":0,"12":0,"13":1},"f":{"0":0,"1":0},"b":{"0":[0]}}
}
